<?xml version="1.0" encoding="UTF-8"?>
<testng-results skipped="0" failed="0" ignored="0" total="1" passed="1">
  <reporter-output>
  </reporter-output>
  <suite name="Suite" duration-ms="9618" started-at="2019-03-13T19:44:53Z" finished-at="2019-03-13T19:45:02Z">
    <groups>
    </groups>
    <test name="Test" duration-ms="9618" started-at="2019-03-13T19:44:53Z" finished-at="2019-03-13T19:45:02Z">
      <class name="selenium.test.list.Story2Test">
        <test-method status="PASS" signature="ActionTestAmazon()[pri:0, instance:selenium.test.list.Story2Test@cc285f4]" name="ActionTestAmazon" duration-ms="9602" started-at="2019-03-13T16:44:53Z" finished-at="2019-03-13T16:45:02Z">
          <reporter-output>
          </reporter-output>
        </test-method> <!-- ActionTestAmazon -->
      </class> <!-- selenium.test.list.Story2Test -->
    </test> <!-- Test -->
  </suite> <!-- Suite -->
</testng-results>
