<?xml version="1.0" encoding="UTF-8"?>
<testng-results skipped="0" failed="0" ignored="0" total="2" passed="2">
  <reporter-output>
  </reporter-output>
  <suite name="Suite" duration-ms="23826" started-at="2019-03-13T18:08:52Z" finished-at="2019-03-13T18:09:16Z">
    <groups>
    </groups>
    <test name="Test" duration-ms="23826" started-at="2019-03-13T18:08:52Z" finished-at="2019-03-13T18:09:16Z">
      <class name="selenium.test.list.Story1Test">
        <test-method status="PASS" signature="ActionTestAmazon()[pri:0, instance:selenium.test.list.Story1Test@cc285f4]" name="ActionTestAmazon" duration-ms="12589" started-at="2019-03-13T15:08:52Z" finished-at="2019-03-13T15:09:05Z">
          <reporter-output>
          </reporter-output>
        </test-method> <!-- ActionTestAmazon -->
        <test-method status="PASS" signature="ActionTestFlipkart()[pri:0, instance:selenium.test.list.Story1Test@cc285f4]" name="ActionTestFlipkart" duration-ms="11195" started-at="2019-03-13T15:09:05Z" finished-at="2019-03-13T15:09:16Z">
          <reporter-output>
          </reporter-output>
        </test-method> <!-- ActionTestFlipkart -->
      </class> <!-- selenium.test.list.Story1Test -->
    </test> <!-- Test -->
  </suite> <!-- Suite -->
</testng-results>
